{"/Users/sommer/Desktop/myspace/absence-manager-client/src/App.tsx": {"path":"/Users/sommer/Desktop/myspace/absence-manager-client/src/App.tsx","statementMap":{"0":{"start":{"line":1,"column":0},"end":{"line":1,"column":34}},"1":{"start":{"line":2,"column":0},"end":{"line":2,"column":48}},"2":{"start":{"line":3,"column":0},"end":{"line":3,"column":42}},"3":{"start":{"line":4,"column":0},"end":{"line":4,"column":null}},"4":{"start":{"line":9,"column":0},"end":{"line":9,"column":null}},"5":{"start":{"line":14,"column":0},"end":{"line":14,"column":41}},"6":{"start":{"line":15,"column":0},"end":{"line":15,"column":41}},"7":{"start":{"line":16,"column":0},"end":{"line":16,"column":47}},"8":{"start":{"line":17,"column":0},"end":{"line":17,"column":49}},"9":{"start":{"line":18,"column":0},"end":{"line":18,"column":55}},"10":{"start":{"line":20,"column":0},"end":{"line":20,"column":39}},"11":{"start":{"line":22,"column":20},"end":{"line":24,"column":2}},"12":{"start":{"line":26,"column":24},"end":{"line":29,"column":2}},"13":{"start":{"line":31,"column":21},"end":{"line":35,"column":2}},"14":{"start":{"line":38,"column":19},"end":{"line":38,"column":32}},"15":{"start":{"line":40,"column":2},"end":{"line":50,"column":9}},"16":{"start":{"line":41,"column":4},"end":{"line":41,"column":32}},"17":{"start":{"line":42,"column":4},"end":{"line":42,"column":33}},"18":{"start":{"line":44,"column":4},"end":{"line":46,"column":46}},"19":{"start":{"line":45,"column":25},"end":{"line":45,"column":61}},"20":{"start":{"line":46,"column":22},"end":{"line":46,"column":44}},"21":{"start":{"line":47,"column":4},"end":{"line":49,"column":57}},"22":{"start":{"line":48,"column":26},"end":{"line":48,"column":64}},"23":{"start":{"line":49,"column":22},"end":{"line":49,"column":55}},"24":{"start":{"line":52,"column":2},"end":{"line":66,"column":4}},"25":{"start":{"line":69,"column":0},"end":{"line":69,"column":19}}},"fnMap":{"0":{"name":"App","decl":{"start":{"line":37,"column":9},"end":{"line":37,"column":12}},"loc":{"start":{"line":37,"column":12},"end":{"line":67,"column":1}}},"1":{"name":"(anonymous_1)","decl":{"start":{"line":40,"column":12},"end":{"line":40,"column":15}},"loc":{"start":{"line":40,"column":17},"end":{"line":50,"column":3}}},"2":{"name":"(anonymous_2)","decl":{"start":{"line":45,"column":12},"end":{"line":45,"column":13}},"loc":{"start":{"line":45,"column":25},"end":{"line":45,"column":61}}},"3":{"name":"(anonymous_3)","decl":{"start":{"line":46,"column":13},"end":{"line":46,"column":14}},"loc":{"start":{"line":46,"column":22},"end":{"line":46,"column":44}}},"4":{"name":"(anonymous_4)","decl":{"start":{"line":48,"column":12},"end":{"line":48,"column":13}},"loc":{"start":{"line":48,"column":26},"end":{"line":48,"column":64}}},"5":{"name":"(anonymous_5)","decl":{"start":{"line":49,"column":13},"end":{"line":49,"column":14}},"loc":{"start":{"line":49,"column":22},"end":{"line":49,"column":55}}}},"branchMap":{},"s":{"0":0,"1":0,"2":0,"3":0,"4":0,"5":0,"6":0,"7":0,"8":0,"9":0,"10":0,"11":0,"12":0,"13":0,"14":0,"15":0,"16":0,"17":0,"18":0,"19":0,"20":0,"21":0,"22":0,"23":0,"24":0,"25":0},"f":{"0":0,"1":0,"2":0,"3":0,"4":0,"5":0},"b":{}}
,"/Users/sommer/Desktop/myspace/absence-manager-client/src/main.tsx": {"path":"/Users/sommer/Desktop/myspace/absence-manager-client/src/main.tsx","statementMap":{"0":{"start":{"line":2,"column":0},"end":{"line":2,"column":40}},"1":{"start":{"line":3,"column":0},"end":{"line":3,"column":39}},"2":{"start":{"line":4,"column":0},"end":{"line":4,"column":28}},"3":{"start":{"line":6,"column":0},"end":{"line":6,"column":24}},"4":{"start":{"line":7,"column":0},"end":{"line":7,"column":21}},"5":{"start":{"line":8,"column":0},"end":{"line":8,"column":55}},"6":{"start":{"line":10,"column":0},"end":{"line":16,"column":2}}},"fnMap":{},"branchMap":{},"s":{"0":0,"1":0,"2":0,"3":0,"4":0,"5":0,"6":0},"f":{},"b":{}}
,"/Users/sommer/Desktop/myspace/absence-manager-client/src/vite-env.d.ts": {"path":"/Users/sommer/Desktop/myspace/absence-manager-client/src/vite-env.d.ts","statementMap":{},"fnMap":{},"branchMap":{},"s":{},"f":{},"b":{}}
,"/Users/sommer/Desktop/myspace/absence-manager-client/src/api/index.ts": {"path":"/Users/sommer/Desktop/myspace/absence-manager-client/src/api/index.ts","statementMap":{"0":{"start":{"line":2,"column":0},"end":{"line":2,"column":43}},"1":{"start":{"line":3,"column":0},"end":{"line":3,"column":41}},"2":{"start":{"line":5,"column":26},"end":{"line":5,"column":30}},"3":{"start":{"line":8,"column":2},"end":{"line":12,"column":5}},"4":{"start":{"line":9,"column":4},"end":{"line":11,"column":26}},"5":{"start":{"line":10,"column":6},"end":{"line":10,"column":37}},"6":{"start":{"line":7,"column":0},"end":{"line":7,"column":16}},"7":{"start":{"line":16,"column":2},"end":{"line":20,"column":5}},"8":{"start":{"line":17,"column":4},"end":{"line":19,"column":26}},"9":{"start":{"line":18,"column":6},"end":{"line":18,"column":36}},"10":{"start":{"line":15,"column":0},"end":{"line":15,"column":16}}},"fnMap":{"0":{"name":"getAbsences","decl":{"start":{"line":7,"column":16},"end":{"line":7,"column":27}},"loc":{"start":{"line":7,"column":27},"end":{"line":13,"column":1}}},"1":{"name":"(anonymous_1)","decl":{"start":{"line":8,"column":21},"end":{"line":8,"column":22}},"loc":{"start":{"line":8,"column":33},"end":{"line":12,"column":3}}},"2":{"name":"(anonymous_2)","decl":{"start":{"line":9,"column":15},"end":{"line":9,"column":18}},"loc":{"start":{"line":9,"column":20},"end":{"line":11,"column":5}}},"3":{"name":"getMembers","decl":{"start":{"line":15,"column":16},"end":{"line":15,"column":26}},"loc":{"start":{"line":15,"column":26},"end":{"line":21,"column":1}}},"4":{"name":"(anonymous_4)","decl":{"start":{"line":16,"column":21},"end":{"line":16,"column":22}},"loc":{"start":{"line":16,"column":33},"end":{"line":20,"column":3}}},"5":{"name":"(anonymous_5)","decl":{"start":{"line":17,"column":15},"end":{"line":17,"column":18}},"loc":{"start":{"line":17,"column":20},"end":{"line":19,"column":5}}}},"branchMap":{},"s":{"0":1,"1":1,"2":1,"3":2,"4":2,"5":2,"6":1,"7":2,"8":2,"9":2,"10":1},"f":{"0":2,"1":2,"2":2,"3":2,"4":2,"5":2},"b":{}}
,"/Users/sommer/Desktop/myspace/absence-manager-client/src/components/AbsenceList.tsx": {"path":"/Users/sommer/Desktop/myspace/absence-manager-client/src/components/AbsenceList.tsx","statementMap":{"0":{"start":{"line":2,"column":0},"end":{"line":2,"column":33}},"1":{"start":{"line":3,"column":0},"end":{"line":3,"column":42}},"2":{"start":{"line":4,"column":0},"end":{"line":4,"column":34}},"3":{"start":{"line":5,"column":0},"end":{"line":5,"column":39}},"4":{"start":{"line":10,"column":0},"end":{"line":10,"column":48}},"5":{"start":{"line":11,"column":0},"end":{"line":11,"column":38}},"6":{"start":{"line":12,"column":0},"end":{"line":12,"column":46}},"7":{"start":{"line":13,"column":0},"end":{"line":13,"column":42}},"8":{"start":{"line":14,"column":0},"end":{"line":14,"column":44}},"9":{"start":{"line":15,"column":0},"end":{"line":15,"column":30}},"10":{"start":{"line":17,"column":23},"end":{"line":31,"column":2}},"11":{"start":{"line":33,"column":28},"end":{"line":41,"column":2}},"12":{"start":{"line":43,"column":30},"end":{"line":138,"column":1}},"13":{"start":{"line":44,"column":26},"end":{"line":44,"column":37}},"14":{"start":{"line":45,"column":34},"end":{"line":45,"column":46}},"15":{"start":{"line":46,"column":46},"end":{"line":46,"column":69}},"16":{"start":{"line":47,"column":42},"end":{"line":47,"column":69}},"17":{"start":{"line":49,"column":19},"end":{"line":53,"column":null}},"18":{"start":{"line":50,"column":4},"end":{"line":52,"column":null}},"19":{"start":{"line":55,"column":24},"end":{"line":56,"column":null}},"20":{"start":{"line":56,"column":4},"end":{"line":56,"column":37}},"21":{"start":{"line":58,"column":27},"end":{"line":59,"column":null}},"22":{"start":{"line":59,"column":15},"end":{"line":59,"column":38}},"23":{"start":{"line":61,"column":21},"end":{"line":61,"column":63}},"24":{"start":{"line":62,"column":18},"end":{"line":62,"column":71}},"25":{"start":{"line":62,"column":52},"end":{"line":62,"column":70}},"26":{"start":{"line":64,"column":26},"end":{"line":66,"column":3}},"27":{"start":{"line":65,"column":4},"end":{"line":65,"column":53}},"28":{"start":{"line":65,"column":26},"end":{"line":65,"column":51}},"29":{"start":{"line":68,"column":26},"end":{"line":70,"column":3}},"30":{"start":{"line":69,"column":4},"end":{"line":69,"column":62}},"31":{"start":{"line":69,"column":26},"end":{"line":69,"column":60}},"32":{"start":{"line":72,"column":27},"end":{"line":74,"column":3}},"33":{"start":{"line":73,"column":4},"end":{"line":73,"column":24}},"34":{"start":{"line":76,"column":27},"end":{"line":94,"column":4}},"35":{"start":{"line":77,"column":4},"end":{"line":79,"column":null}},"36":{"start":{"line":78,"column":6},"end":{"line":78,"column":18}},"37":{"start":{"line":80,"column":4},"end":{"line":85,"column":null}},"38":{"start":{"line":81,"column":6},"end":{"line":84,"column":8}},"39":{"start":{"line":86,"column":4},"end":{"line":88,"column":null}},"40":{"start":{"line":87,"column":6},"end":{"line":87,"column":63}},"41":{"start":{"line":89,"column":4},"end":{"line":93,"column":6}},"42":{"start":{"line":96,"column":2},"end":{"line":137,"column":4}},"43":{"start":{"line":123,"column":12},"end":{"line":133,"column":14}},"44":{"start":{"line":140,"column":0},"end":{"line":140,"column":27}}},"fnMap":{"0":{"name":"(anonymous_0)","decl":{"start":{"line":43,"column":30},"end":{"line":43,"column":33}},"loc":{"start":{"line":43,"column":35},"end":{"line":138,"column":1}}},"1":{"name":"(anonymous_1)","decl":{"start":{"line":49,"column":53},"end":{"line":49,"column":54}},"loc":{"start":{"line":50,"column":4},"end":{"line":52,"column":null}}},"2":{"name":"(anonymous_2)","decl":{"start":{"line":55,"column":58},"end":{"line":55,"column":59}},"loc":{"start":{"line":56,"column":4},"end":{"line":56,"column":37}}},"3":{"name":"(anonymous_3)","decl":{"start":{"line":59,"column":4},"end":{"line":59,"column":5}},"loc":{"start":{"line":59,"column":15},"end":{"line":59,"column":38}}},"4":{"name":"(anonymous_4)","decl":{"start":{"line":62,"column":30},"end":{"line":62,"column":31}},"loc":{"start":{"line":62,"column":52},"end":{"line":62,"column":70}}},"5":{"name":"(anonymous_5)","decl":{"start":{"line":64,"column":26},"end":{"line":64,"column":29}},"loc":{"start":{"line":64,"column":31},"end":{"line":66,"column":3}}},"6":{"name":"(anonymous_6)","decl":{"start":{"line":65,"column":12},"end":{"line":65,"column":13}},"loc":{"start":{"line":65,"column":26},"end":{"line":65,"column":51}}},"7":{"name":"(anonymous_7)","decl":{"start":{"line":68,"column":26},"end":{"line":68,"column":29}},"loc":{"start":{"line":68,"column":31},"end":{"line":70,"column":3}}},"8":{"name":"(anonymous_8)","decl":{"start":{"line":69,"column":12},"end":{"line":69,"column":13}},"loc":{"start":{"line":69,"column":26},"end":{"line":69,"column":60}}},"9":{"name":"(anonymous_9)","decl":{"start":{"line":72,"column":27},"end":{"line":72,"column":28}},"loc":{"start":{"line":72,"column":50},"end":{"line":74,"column":3}}},"10":{"name":"(anonymous_10)","decl":{"start":{"line":76,"column":43},"end":{"line":76,"column":44}},"loc":{"start":{"line":76,"column":55},"end":{"line":94,"column":3}}},"11":{"name":"(anonymous_11)","decl":{"start":{"line":122,"column":31},"end":{"line":122,"column":32}},"loc":{"start":{"line":122,"column":43},"end":{"line":134,"column":11}}}},"branchMap":{"0":{"loc":{"start":{"line":77,"column":4},"end":{"line":79,"column":null}},"type":"if","locations":[{"start":{"line":77,"column":4},"end":{"line":79,"column":null}}]},"1":{"loc":{"start":{"line":77,"column":8},"end":{"line":77,"column":49}},"type":"binary-expr","locations":[{"start":{"line":77,"column":8},"end":{"line":77,"column":32}},{"start":{"line":77,"column":36},"end":{"line":77,"column":49}}]},"2":{"loc":{"start":{"line":80,"column":4},"end":{"line":85,"column":null}},"type":"if","locations":[{"start":{"line":80,"column":4},"end":{"line":85,"column":null}}]},"3":{"loc":{"start":{"line":86,"column":4},"end":{"line":88,"column":null}},"type":"if","locations":[{"start":{"line":86,"column":4},"end":{"line":88,"column":null}}]},"4":{"loc":{"start":{"line":90,"column":6},"end":{"line":92,"column":43}},"type":"binary-expr","locations":[{"start":{"line":90,"column":6},"end":{"line":90,"column":55}},{"start":{"line":91,"column":6},"end":{"line":92,"column":43}}]},"5":{"loc":{"start":{"line":118,"column":7},"end":{"line":118,"column":65}},"type":"binary-expr","locations":[{"start":{"line":118,"column":7},"end":{"line":118,"column":23}},{"start":{"line":118,"column":27},"end":{"line":118,"column":51}},{"start":{"line":118,"column":55},"end":{"line":118,"column":65}}]},"6":{"loc":{"start":{"line":119,"column":7},"end":{"line":119,"column":73}},"type":"binary-expr","locations":[{"start":{"line":119,"column":7},"end":{"line":119,"column":24}},{"start":{"line":119,"column":28},"end":{"line":119,"column":52}},{"start":{"line":119,"column":56},"end":{"line":119,"column":73}}]},"7":{"loc":{"start":{"line":121,"column":9},"end":{"line":134,"column":12}},"type":"binary-expr","locations":[{"start":{"line":121,"column":9},"end":{"line":121,"column":25}},{"start":{"line":122,"column":10},"end":{"line":134,"column":12}}]}},"s":{"0":1,"1":1,"2":1,"3":1,"4":1,"5":1,"6":1,"7":1,"8":1,"9":1,"10":1,"11":1,"12":1,"13":1,"14":1,"15":1,"16":1,"17":1,"18":1,"19":1,"20":1,"21":1,"22":1,"23":1,"24":1,"25":1,"26":1,"27":0,"28":0,"29":1,"30":0,"31":0,"32":1,"33":0,"34":1,"35":0,"36":0,"37":0,"38":0,"39":0,"40":0,"41":0,"42":1,"43":0,"44":1},"f":{"0":1,"1":1,"2":1,"3":1,"4":1,"5":0,"6":0,"7":0,"8":0,"9":0,"10":0,"11":0},"b":{"0":[0],"1":[0,0],"2":[0],"3":[0],"4":[0,0],"5":[1,0,0],"6":[1,1,1],"7":[1,1]}}
,"/Users/sommer/Desktop/myspace/absence-manager-client/src/components/AbsenceListItem.tsx": {"path":"/Users/sommer/Desktop/myspace/absence-manager-client/src/components/AbsenceListItem.tsx","statementMap":{"0":{"start":{"line":2,"column":0},"end":{"line":2,"column":53}},"1":{"start":{"line":4,"column":0},"end":{"line":4,"column":39}},"2":{"start":{"line":15,"column":20},"end":{"line":62,"column":2}},"3":{"start":{"line":64,"column":41},"end":{"line":77,"column":1}},"4":{"start":{"line":65,"column":67},"end":{"line":65,"column":72}},"5":{"start":{"line":67,"column":2},"end":{"line":76,"column":4}},"6":{"start":{"line":79,"column":0},"end":{"line":79,"column":31}}},"fnMap":{"0":{"name":"(anonymous_0)","decl":{"start":{"line":64,"column":41},"end":{"line":64,"column":42}},"loc":{"start":{"line":64,"column":58},"end":{"line":77,"column":1}}}},"branchMap":{"0":{"loc":{"start":{"line":73,"column":7},"end":{"line":73,"column":53}},"type":"binary-expr","locations":[{"start":{"line":73,"column":7},"end":{"line":73,"column":17}},{"start":{"line":73,"column":21},"end":{"line":73,"column":53}}]},"1":{"loc":{"start":{"line":74,"column":7},"end":{"line":74,"column":59}},"type":"binary-expr","locations":[{"start":{"line":74,"column":7},"end":{"line":74,"column":19}},{"start":{"line":74,"column":23},"end":{"line":74,"column":59}}]}},"s":{"0":2,"1":2,"2":2,"3":2,"4":3,"5":3,"6":2},"f":{"0":3},"b":{"0":[3,3],"1":[3,0]}}
,"/Users/sommer/Desktop/myspace/absence-manager-client/src/components/AbsencesPanel.tsx": {"path":"/Users/sommer/Desktop/myspace/absence-manager-client/src/components/AbsencesPanel.tsx","statementMap":{"0":{"start":{"line":2,"column":0},"end":{"line":2,"column":40}},"1":{"start":{"line":4,"column":0},"end":{"line":4,"column":39}},"2":{"start":{"line":6,"column":29},"end":{"line":13,"column":2}},"3":{"start":{"line":15,"column":21},"end":{"line":20,"column":2}},"4":{"start":{"line":22,"column":32},"end":{"line":29,"column":1}},"5":{"start":{"line":23,"column":2},"end":{"line":28,"column":4}},"6":{"start":{"line":31,"column":0},"end":{"line":31,"column":29}}},"fnMap":{"0":{"name":"(anonymous_0)","decl":{"start":{"line":22,"column":32},"end":{"line":22,"column":35}},"loc":{"start":{"line":22,"column":37},"end":{"line":29,"column":1}}}},"branchMap":{},"s":{"0":0,"1":0,"2":0,"3":0,"4":0,"5":0,"6":0},"f":{"0":0},"b":{}}
,"/Users/sommer/Desktop/myspace/absence-manager-client/src/components/Container.tsx": {"path":"/Users/sommer/Desktop/myspace/absence-manager-client/src/components/Container.tsx","statementMap":{"0":{"start":{"line":2,"column":0},"end":{"line":2,"column":39}},"1":{"start":{"line":4,"column":16},"end":{"line":8,"column":2}},"2":{"start":{"line":14,"column":44},"end":{"line":16,"column":1}},"3":{"start":{"line":15,"column":2},"end":{"line":15,"column":39}},"4":{"start":{"line":18,"column":0},"end":{"line":18,"column":25}}},"fnMap":{"0":{"name":"(anonymous_0)","decl":{"start":{"line":14,"column":44},"end":{"line":14,"column":45}},"loc":{"start":{"line":14,"column":77},"end":{"line":16,"column":1}}}},"branchMap":{},"s":{"0":3,"1":3,"2":3,"3":5,"4":3},"f":{"0":5},"b":{}}
,"/Users/sommer/Desktop/myspace/absence-manager-client/src/components/ErrorBoundary.tsx": {"path":"/Users/sommer/Desktop/myspace/absence-manager-client/src/components/ErrorBoundary.tsx","statementMap":{"0":{"start":{"line":2,"column":0},"end":{"line":2,"column":63}},"1":{"start":{"line":14,"column":4},"end":{"line":14,"column":17}},"2":{"start":{"line":15,"column":4},"end":{"line":15,"column":37}},"3":{"start":{"line":20,"column":4},"end":{"line":20,"column":30}},"4":{"start":{"line":24,"column":4},"end":{"line":24,"column":72}},"5":{"start":{"line":28,"column":4},"end":{"line":30,"column":null}},"6":{"start":{"line":29,"column":6},"end":{"line":29,"column":44}},"7":{"start":{"line":32,"column":4},"end":{"line":32,"column":31}},"8":{"start":{"line":36,"column":0},"end":{"line":36,"column":29}}},"fnMap":{"0":{"name":"(anonymous_0)","decl":{"start":{"line":13,"column":2},"end":{"line":13,"column":14}},"loc":{"start":{"line":13,"column":39},"end":{"line":16,"column":3}}},"1":{"name":"(anonymous_1)","decl":{"start":{"line":19,"column":2},"end":{"line":19,"column":8}},"loc":{"start":{"line":19,"column":42},"end":{"line":21,"column":3}}},"2":{"name":"(anonymous_2)","decl":{"start":{"line":23,"column":2},"end":{"line":23,"column":19}},"loc":{"start":{"line":23,"column":54},"end":{"line":25,"column":3}}},"3":{"name":"(anonymous_3)","decl":{"start":{"line":27,"column":2},"end":{"line":27,"column":8}},"loc":{"start":{"line":27,"column":8},"end":{"line":33,"column":3}}}},"branchMap":{"0":{"loc":{"start":{"line":28,"column":4},"end":{"line":30,"column":null}},"type":"if","locations":[{"start":{"line":28,"column":4},"end":{"line":30,"column":null}}]}},"s":{"0":0,"1":0,"2":0,"3":0,"4":0,"5":0,"6":0,"7":0,"8":0},"f":{"0":0,"1":0,"2":0,"3":0},"b":{"0":[0]}}
,"/Users/sommer/Desktop/myspace/absence-manager-client/src/components/FilterByDate.tsx": {"path":"/Users/sommer/Desktop/myspace/absence-manager-client/src/components/FilterByDate.tsx","statementMap":{"0":{"start":{"line":3,"column":0},"end":{"line":3,"column":47}},"1":{"start":{"line":4,"column":0},"end":{"line":4,"column":52}},"2":{"start":{"line":5,"column":0},"end":{"line":5,"column":39}},"3":{"start":{"line":12,"column":23},"end":{"line":34,"column":2}},"4":{"start":{"line":36,"column":50},"end":{"line":56,"column":1}},"5":{"start":{"line":40,"column":27},"end":{"line":42,"column":3}},"6":{"start":{"line":41,"column":4},"end":{"line":41,"column":26}},"7":{"start":{"line":43,"column":2},"end":{"line":55,"column":4}},"8":{"start":{"line":49,"column":47},"end":{"line":49,"column":69}},"9":{"start":{"line":58,"column":0},"end":{"line":58,"column":28}}},"fnMap":{"0":{"name":"(anonymous_0)","decl":{"start":{"line":36,"column":50},"end":{"line":36,"column":51}},"loc":{"start":{"line":39,"column":24},"end":{"line":56,"column":1}}},"1":{"name":"(anonymous_1)","decl":{"start":{"line":40,"column":27},"end":{"line":40,"column":28}},"loc":{"start":{"line":40,"column":49},"end":{"line":42,"column":3}}},"2":{"name":"(anonymous_2)","decl":{"start":{"line":49,"column":18},"end":{"line":49,"column":19}},"loc":{"start":{"line":49,"column":47},"end":{"line":49,"column":69}}}},"branchMap":{},"s":{"0":2,"1":2,"2":2,"3":2,"4":2,"5":3,"6":0,"7":3,"8":0,"9":2},"f":{"0":3,"1":0,"2":0},"b":{}}
,"/Users/sommer/Desktop/myspace/absence-manager-client/src/components/FilterByStatus.tsx": {"path":"/Users/sommer/Desktop/myspace/absence-manager-client/src/components/FilterByStatus.tsx","statementMap":{"0":{"start":{"line":2,"column":0},"end":{"line":2,"column":51}},"1":{"start":{"line":4,"column":0},"end":{"line":4,"column":39}},"2":{"start":{"line":11,"column":23},"end":{"line":27,"column":2}},"3":{"start":{"line":29,"column":54},"end":{"line":53,"column":1}},"4":{"start":{"line":33,"column":29},"end":{"line":35,"column":3}},"5":{"start":{"line":34,"column":4},"end":{"line":34,"column":42}},"6":{"start":{"line":36,"column":2},"end":{"line":52,"column":4}},"7":{"start":{"line":43,"column":10},"end":{"line":43,"column":31}},"8":{"start":{"line":46,"column":10},"end":{"line":46,"column":37}},"9":{"start":{"line":55,"column":0},"end":{"line":55,"column":30}}},"fnMap":{"0":{"name":"(anonymous_0)","decl":{"start":{"line":29,"column":54},"end":{"line":29,"column":55}},"loc":{"start":{"line":32,"column":26},"end":{"line":53,"column":1}}},"1":{"name":"(anonymous_1)","decl":{"start":{"line":33,"column":29},"end":{"line":33,"column":30}},"loc":{"start":{"line":33,"column":77},"end":{"line":35,"column":3}}},"2":{"name":"(anonymous_2)","decl":{"start":{"line":42,"column":18},"end":{"line":42,"column":19}},"loc":{"start":{"line":43,"column":10},"end":{"line":43,"column":31}}},"3":{"name":"(anonymous_3)","decl":{"start":{"line":45,"column":28},"end":{"line":45,"column":29}},"loc":{"start":{"line":46,"column":10},"end":{"line":46,"column":37}}}},"branchMap":{},"s":{"0":2,"1":2,"2":2,"3":2,"4":2,"5":1,"6":2,"7":1,"8":8,"9":2},"f":{"0":2,"1":1,"2":1,"3":8},"b":{}}
,"/Users/sommer/Desktop/myspace/absence-manager-client/src/components/Footer.tsx": {"path":"/Users/sommer/Desktop/myspace/absence-manager-client/src/components/Footer.tsx","statementMap":{"0":{"start":{"line":2,"column":0},"end":{"line":2,"column":36}},"1":{"start":{"line":3,"column":0},"end":{"line":3,"column":39}},"2":{"start":{"line":5,"column":22},"end":{"line":14,"column":2}},"3":{"start":{"line":16,"column":15},"end":{"line":24,"column":1}},"4":{"start":{"line":17,"column":2},"end":{"line":23,"column":4}},"5":{"start":{"line":26,"column":0},"end":{"line":26,"column":22}}},"fnMap":{"0":{"name":"(anonymous_0)","decl":{"start":{"line":16,"column":15},"end":{"line":16,"column":18}},"loc":{"start":{"line":16,"column":20},"end":{"line":24,"column":1}}}},"branchMap":{},"s":{"0":1,"1":1,"2":1,"3":1,"4":2,"5":1},"f":{"0":2},"b":{}}
,"/Users/sommer/Desktop/myspace/absence-manager-client/src/components/Header.tsx": {"path":"/Users/sommer/Desktop/myspace/absence-manager-client/src/components/Header.tsx","statementMap":{"0":{"start":{"line":2,"column":0},"end":{"line":2,"column":47}},"1":{"start":{"line":4,"column":0},"end":{"line":4,"column":39}},"2":{"start":{"line":5,"column":0},"end":{"line":5,"column":38}},"3":{"start":{"line":7,"column":19},"end":{"line":14,"column":2}},"4":{"start":{"line":16,"column":13},"end":{"line":26,"column":2}},"5":{"start":{"line":28,"column":18},"end":{"line":30,"column":2}},"6":{"start":{"line":32,"column":25},"end":{"line":43,"column":1}},"7":{"start":{"line":33,"column":2},"end":{"line":42,"column":4}},"8":{"start":{"line":45,"column":0},"end":{"line":45,"column":22}}},"fnMap":{"0":{"name":"(anonymous_0)","decl":{"start":{"line":32,"column":25},"end":{"line":32,"column":28}},"loc":{"start":{"line":32,"column":30},"end":{"line":43,"column":1}}}},"branchMap":{},"s":{"0":1,"1":1,"2":1,"3":1,"4":1,"5":1,"6":1,"7":2,"8":1},"f":{"0":2},"b":{}}
,"/Users/sommer/Desktop/myspace/absence-manager-client/src/components/Loader.tsx": {"path":"/Users/sommer/Desktop/myspace/absence-manager-client/src/components/Loader.tsx","statementMap":{"0":{"start":{"line":2,"column":0},"end":{"line":2,"column":46}},"1":{"start":{"line":3,"column":0},"end":{"line":3,"column":39}},"2":{"start":{"line":5,"column":22},"end":{"line":18,"column":2}},"3":{"start":{"line":20,"column":25},"end":{"line":26,"column":1}},"4":{"start":{"line":21,"column":2},"end":{"line":25,"column":4}},"5":{"start":{"line":28,"column":0},"end":{"line":28,"column":22}}},"fnMap":{"0":{"name":"(anonymous_0)","decl":{"start":{"line":20,"column":25},"end":{"line":20,"column":28}},"loc":{"start":{"line":20,"column":30},"end":{"line":26,"column":1}}}},"branchMap":{},"s":{"0":2,"1":2,"2":2,"3":2,"4":2,"5":2},"f":{"0":2},"b":{}}
,"/Users/sommer/Desktop/myspace/absence-manager-client/src/components/NoRecordFound.tsx": {"path":"/Users/sommer/Desktop/myspace/absence-manager-client/src/components/NoRecordFound.tsx","statementMap":{"0":{"start":{"line":2,"column":0},"end":{"line":2,"column":39}},"1":{"start":{"line":3,"column":0},"end":{"line":3,"column":49}},"2":{"start":{"line":5,"column":29},"end":{"line":29,"column":2}},"3":{"start":{"line":31,"column":32},"end":{"line":40,"column":1}},"4":{"start":{"line":32,"column":2},"end":{"line":39,"column":4}},"5":{"start":{"line":42,"column":0},"end":{"line":42,"column":29}}},"fnMap":{"0":{"name":"(anonymous_0)","decl":{"start":{"line":31,"column":32},"end":{"line":31,"column":35}},"loc":{"start":{"line":31,"column":37},"end":{"line":40,"column":1}}}},"branchMap":{},"s":{"0":2,"1":2,"2":2,"3":2,"4":3,"5":2},"f":{"0":3},"b":{}}
,"/Users/sommer/Desktop/myspace/absence-manager-client/src/components/Pagination.tsx": {"path":"/Users/sommer/Desktop/myspace/absence-manager-client/src/components/Pagination.tsx","statementMap":{"0":{"start":{"line":1,"column":0},"end":{"line":1,"column":78}},"1":{"start":{"line":3,"column":0},"end":{"line":3,"column":39}},"2":{"start":{"line":16,"column":26},"end":{"line":33,"column":2}},"3":{"start":{"line":35,"column":26},"end":{"line":68,"column":2}},"4":{"start":{"line":70,"column":21},"end":{"line":87,"column":2}},"5":{"start":{"line":89,"column":46},"end":{"line":138,"column":1}},"6":{"start":{"line":98,"column":31},"end":{"line":102,"column":3}},"7":{"start":{"line":101,"column":4},"end":{"line":101,"column":46}},"8":{"start":{"line":104,"column":2},"end":{"line":137,"column":4}},"9":{"start":{"line":130,"column":12},"end":{"line":130,"column":32}},"10":{"start":{"line":140,"column":0},"end":{"line":140,"column":26}}},"fnMap":{"0":{"name":"(anonymous_0)","decl":{"start":{"line":89,"column":46},"end":{"line":89,"column":47}},"loc":{"start":{"line":97,"column":22},"end":{"line":138,"column":1}}},"1":{"name":"(anonymous_1)","decl":{"start":{"line":98,"column":31},"end":{"line":98,"column":null}},"loc":{"start":{"line":100,"column":6},"end":{"line":102,"column":3}}},"2":{"name":"(anonymous_2)","decl":{"start":{"line":129,"column":27},"end":{"line":129,"column":28}},"loc":{"start":{"line":130,"column":12},"end":{"line":130,"column":32}}}},"branchMap":{},"s":{"0":2,"1":2,"2":2,"3":2,"4":2,"5":2,"6":8,"7":1,"8":8,"9":24,"10":2},"f":{"0":8,"1":1,"2":24},"b":{}}
,"/Users/sommer/Desktop/myspace/absence-manager-client/src/components/StatCard.tsx": {"path":"/Users/sommer/Desktop/myspace/absence-manager-client/src/components/StatCard.tsx","statementMap":{"0":{"start":{"line":2,"column":0},"end":{"line":2,"column":39}},"1":{"start":{"line":9,"column":19},"end":{"line":34,"column":2}},"2":{"start":{"line":36,"column":42},"end":{"line":43,"column":1}},"3":{"start":{"line":37,"column":2},"end":{"line":42,"column":4}},"4":{"start":{"line":45,"column":0},"end":{"line":45,"column":24}}},"fnMap":{"0":{"name":"(anonymous_0)","decl":{"start":{"line":36,"column":42},"end":{"line":36,"column":43}},"loc":{"start":{"line":36,"column":78},"end":{"line":43,"column":1}}}},"branchMap":{},"s":{"0":2,"1":2,"2":2,"3":5,"4":2},"f":{"0":5},"b":{}}
,"/Users/sommer/Desktop/myspace/absence-manager-client/src/components/StatsPanel.tsx": {"path":"/Users/sommer/Desktop/myspace/absence-manager-client/src/components/StatsPanel.tsx","statementMap":{"0":{"start":{"line":2,"column":0},"end":{"line":2,"column":59}},"1":{"start":{"line":3,"column":0},"end":{"line":3,"column":42}},"2":{"start":{"line":5,"column":0},"end":{"line":5,"column":34}},"3":{"start":{"line":6,"column":0},"end":{"line":6,"column":39}},"4":{"start":{"line":8,"column":26},"end":{"line":16,"column":2}},"5":{"start":{"line":18,"column":21},"end":{"line":21,"column":2}},"6":{"start":{"line":23,"column":29},"end":{"line":46,"column":1}},"7":{"start":{"line":24,"column":19},"end":{"line":25,"column":null}},"8":{"start":{"line":25,"column":4},"end":{"line":25,"column":37}},"9":{"start":{"line":27,"column":20},"end":{"line":28,"column":null}},"10":{"start":{"line":28,"column":17},"end":{"line":28,"column":59}},"11":{"start":{"line":30,"column":20},"end":{"line":31,"column":null}},"12":{"start":{"line":31,"column":17},"end":{"line":31,"column":59}},"13":{"start":{"line":33,"column":19},"end":{"line":34,"column":null}},"14":{"start":{"line":34,"column":17},"end":{"line":34,"column":58}},"15":{"start":{"line":37,"column":2},"end":{"line":45,"column":4}},"16":{"start":{"line":48,"column":0},"end":{"line":48,"column":26}}},"fnMap":{"0":{"name":"(anonymous_0)","decl":{"start":{"line":23,"column":29},"end":{"line":23,"column":32}},"loc":{"start":{"line":23,"column":34},"end":{"line":46,"column":1}}},"1":{"name":"(anonymous_1)","decl":{"start":{"line":24,"column":53},"end":{"line":24,"column":54}},"loc":{"start":{"line":25,"column":4},"end":{"line":25,"column":37}}},"2":{"name":"(anonymous_2)","decl":{"start":{"line":28,"column":4},"end":{"line":28,"column":5}},"loc":{"start":{"line":28,"column":17},"end":{"line":28,"column":59}}},"3":{"name":"(anonymous_3)","decl":{"start":{"line":31,"column":4},"end":{"line":31,"column":5}},"loc":{"start":{"line":31,"column":17},"end":{"line":31,"column":59}}},"4":{"name":"(anonymous_4)","decl":{"start":{"line":34,"column":4},"end":{"line":34,"column":5}},"loc":{"start":{"line":34,"column":17},"end":{"line":34,"column":58}}}},"branchMap":{},"s":{"0":1,"1":1,"2":1,"3":1,"4":1,"5":1,"6":1,"7":1,"8":0,"9":1,"10":3,"11":1,"12":3,"13":1,"14":3,"15":1,"16":1},"f":{"0":1,"1":0,"2":3,"3":3,"4":3},"b":{}}
,"/Users/sommer/Desktop/myspace/absence-manager-client/src/constants/types.ts": {"path":"/Users/sommer/Desktop/myspace/absence-manager-client/src/constants/types.ts","statementMap":{"0":{"start":{"line":25,"column":13},"end":{"line":30,"column":2}},"1":{"start":{"line":32,"column":0},"end":{"line":32,"column":null}},"2":{"start":{"line":33,"column":2},"end":{"line":33,"column":null}},"3":{"start":{"line":34,"column":2},"end":{"line":34,"column":null}},"4":{"start":{"line":35,"column":2},"end":{"line":35,"column":null}}},"fnMap":{"0":{"name":"(anonymous_0)","decl":{"start":{"line":32,"column":0},"end":{"line":32,"column":12}},"loc":{"start":{"line":32,"column":25},"end":{"line":36,"column":1}}}},"branchMap":{"0":{"loc":{"start":{"line":32,"column":12},"end":{"line":32,"column":null}},"type":"binary-expr","locations":[{"start":{"line":32,"column":12},"end":{"line":32,"column":25}},{"start":{"line":32,"column":12},"end":{"line":32,"column":null}}]}},"s":{"0":6,"1":6,"2":6,"3":6,"4":6},"f":{"0":6},"b":{"0":[6,6]}}
,"/Users/sommer/Desktop/myspace/absence-manager-client/src/store/absenceSlice.ts": {"path":"/Users/sommer/Desktop/myspace/absence-manager-client/src/store/absenceSlice.ts","statementMap":{"0":{"start":{"line":2,"column":0},"end":{"line":2,"column":62}},"1":{"start":{"line":4,"column":0},"end":{"line":4,"column":54}},"2":{"start":{"line":12,"column":35},"end":{"line":16,"column":2}},"3":{"start":{"line":18,"column":21},"end":{"line":53,"column":2}},"4":{"start":{"line":23,"column":6},"end":{"line":23,"column":29}},"5":{"start":{"line":24,"column":6},"end":{"line":24,"column":25}},"6":{"start":{"line":27,"column":6},"end":{"line":27,"column":30}},"7":{"start":{"line":28,"column":6},"end":{"line":28,"column":22}},"8":{"start":{"line":29,"column":6},"end":{"line":37,"column":9}},"9":{"start":{"line":30,"column":8},"end":{"line":36,"column":10}},"10":{"start":{"line":40,"column":6},"end":{"line":40,"column":30}},"11":{"start":{"line":41,"column":6},"end":{"line":41,"column":35}},"12":{"start":{"line":44,"column":6},"end":{"line":44,"column":53}},"13":{"start":{"line":47,"column":6},"end":{"line":47,"column":53}},"14":{"start":{"line":50,"column":6},"end":{"line":50,"column":40}},"15":{"start":{"line":55,"column":13},"end":{"line":61,"column":null}},"16":{"start":{"line":64,"column":0},"end":{"line":64,"column":36}}},"fnMap":{"0":{"name":"(anonymous_0)","decl":{"start":{"line":22,"column":4},"end":{"line":22,"column":20}},"loc":{"start":{"line":22,"column":26},"end":{"line":25,"column":5}}},"1":{"name":"(anonymous_1)","decl":{"start":{"line":26,"column":4},"end":{"line":26,"column":22}},"loc":{"start":{"line":26,"column":62},"end":{"line":38,"column":5}}},"2":{"name":"(anonymous_2)","decl":{"start":{"line":29,"column":29},"end":{"line":29,"column":30}},"loc":{"start":{"line":29,"column":41},"end":{"line":37,"column":7}}},"3":{"name":"(anonymous_3)","decl":{"start":{"line":39,"column":4},"end":{"line":39,"column":22}},"loc":{"start":{"line":39,"column":59},"end":{"line":42,"column":5}}},"4":{"name":"(anonymous_4)","decl":{"start":{"line":43,"column":4},"end":{"line":43,"column":14}},"loc":{"start":{"line":43,"column":52},"end":{"line":45,"column":5}}},"5":{"name":"(anonymous_5)","decl":{"start":{"line":46,"column":4},"end":{"line":46,"column":17}},"loc":{"start":{"line":46,"column":55},"end":{"line":48,"column":5}}},"6":{"name":"(anonymous_6)","decl":{"start":{"line":49,"column":4},"end":{"line":49,"column":17}},"loc":{"start":{"line":49,"column":54},"end":{"line":51,"column":5}}}},"branchMap":{},"s":{"0":2,"1":2,"2":2,"3":2,"4":0,"5":0,"6":1,"7":1,"8":1,"9":2,"10":0,"11":0,"12":0,"13":0,"14":0,"15":2,"16":2},"f":{"0":0,"1":1,"2":2,"3":0,"4":0,"5":0,"6":0},"b":{}}
,"/Users/sommer/Desktop/myspace/absence-manager-client/src/store/index.ts": {"path":"/Users/sommer/Desktop/myspace/absence-manager-client/src/store/index.ts","statementMap":{"0":{"start":{"line":1,"column":0},"end":{"line":1,"column":50}},"1":{"start":{"line":2,"column":0},"end":{"line":2,"column":42}},"2":{"start":{"line":3,"column":0},"end":{"line":3,"column":44}},"3":{"start":{"line":4,"column":0},"end":{"line":4,"column":44}},"4":{"start":{"line":6,"column":14},"end":{"line":13,"column":2}},"5":{"start":{"line":17,"column":0},"end":{"line":17,"column":21}}},"fnMap":{},"branchMap":{},"s":{"0":1,"1":1,"2":1,"3":1,"4":1,"5":1},"f":{},"b":{}}
,"/Users/sommer/Desktop/myspace/absence-manager-client/src/store/membersSlice.ts": {"path":"/Users/sommer/Desktop/myspace/absence-manager-client/src/store/membersSlice.ts","statementMap":{"0":{"start":{"line":2,"column":0},"end":{"line":2,"column":62}},"1":{"start":{"line":11,"column":13},"end":{"line":15,"column":2}},"2":{"start":{"line":17,"column":21},"end":{"line":46,"column":2}},"3":{"start":{"line":22,"column":6},"end":{"line":22,"column":29}},"4":{"start":{"line":23,"column":6},"end":{"line":23,"column":25}},"5":{"start":{"line":26,"column":6},"end":{"line":26,"column":30}},"6":{"start":{"line":27,"column":6},"end":{"line":27,"column":22}},"7":{"start":{"line":28,"column":6},"end":{"line":30,"column":9}},"8":{"start":{"line":29,"column":8},"end":{"line":29,"column":43}},"9":{"start":{"line":33,"column":6},"end":{"line":33,"column":30}},"10":{"start":{"line":34,"column":6},"end":{"line":34,"column":35}},"11":{"start":{"line":37,"column":6},"end":{"line":37,"column":53}},"12":{"start":{"line":40,"column":6},"end":{"line":40,"column":53}},"13":{"start":{"line":43,"column":6},"end":{"line":43,"column":40}},"14":{"start":{"line":48,"column":13},"end":{"line":54,"column":null}},"15":{"start":{"line":57,"column":0},"end":{"line":57,"column":36}}},"fnMap":{"0":{"name":"(anonymous_0)","decl":{"start":{"line":21,"column":4},"end":{"line":21,"column":19}},"loc":{"start":{"line":21,"column":25},"end":{"line":24,"column":5}}},"1":{"name":"(anonymous_1)","decl":{"start":{"line":25,"column":4},"end":{"line":25,"column":21}},"loc":{"start":{"line":25,"column":60},"end":{"line":31,"column":5}}},"2":{"name":"(anonymous_2)","decl":{"start":{"line":28,"column":29},"end":{"line":28,"column":30}},"loc":{"start":{"line":28,"column":40},"end":{"line":30,"column":7}}},"3":{"name":"(anonymous_3)","decl":{"start":{"line":32,"column":4},"end":{"line":32,"column":21}},"loc":{"start":{"line":32,"column":58},"end":{"line":35,"column":5}}},"4":{"name":"(anonymous_4)","decl":{"start":{"line":36,"column":4},"end":{"line":36,"column":13}},"loc":{"start":{"line":36,"column":50},"end":{"line":38,"column":5}}},"5":{"name":"(anonymous_5)","decl":{"start":{"line":39,"column":4},"end":{"line":39,"column":16}},"loc":{"start":{"line":39,"column":53},"end":{"line":41,"column":5}}},"6":{"name":"(anonymous_6)","decl":{"start":{"line":42,"column":4},"end":{"line":42,"column":16}},"loc":{"start":{"line":42,"column":53},"end":{"line":44,"column":5}}}},"branchMap":{},"s":{"0":2,"1":2,"2":2,"3":1,"4":1,"5":1,"6":1,"7":1,"8":2,"9":1,"10":1,"11":1,"12":1,"13":1,"14":2,"15":2},"f":{"0":1,"1":1,"2":2,"3":1,"4":1,"5":1,"6":1},"b":{}}
,"/Users/sommer/Desktop/myspace/absence-manager-client/src/utils/capitalizeFirst.ts": {"path":"/Users/sommer/Desktop/myspace/absence-manager-client/src/utils/capitalizeFirst.ts","statementMap":{"0":{"start":{"line":2,"column":2},"end":{"line":2,"column":51}},"1":{"start":{"line":2,"column":34},"end":{"line":2,"column":49}},"2":{"start":{"line":1,"column":0},"end":{"line":1,"column":16}}},"fnMap":{"0":{"name":"capitalize","decl":{"start":{"line":1,"column":16},"end":{"line":1,"column":26}},"loc":{"start":{"line":1,"column":38},"end":{"line":3,"column":1}}},"1":{"name":"(anonymous_1)","decl":{"start":{"line":2,"column":27},"end":{"line":2,"column":28}},"loc":{"start":{"line":2,"column":34},"end":{"line":2,"column":49}}}},"branchMap":{},"s":{"0":6,"1":5,"2":3},"f":{"0":6,"1":5},"b":{}}
,"/Users/sommer/Desktop/myspace/absence-manager-client/src/utils/statusChecker.ts": {"path":"/Users/sommer/Desktop/myspace/absence-manager-client/src/utils/statusChecker.ts","statementMap":{"0":{"start":{"line":1,"column":0},"end":{"line":1,"column":50}},"1":{"start":{"line":10,"column":15},"end":{"line":10,"column":38}},"2":{"start":{"line":11,"column":2},"end":{"line":15,"column":null}},"3":{"start":{"line":12,"column":4},"end":{"line":12,"column":37}},"4":{"start":{"line":13,"column":9},"end":{"line":15,"column":null}},"5":{"start":{"line":14,"column":4},"end":{"line":14,"column":36}},"6":{"start":{"line":16,"column":2},"end":{"line":16,"column":16}},"7":{"start":{"line":3,"column":0},"end":{"line":3,"column":16}}},"fnMap":{"0":{"name":"statusChecker","decl":{"start":{"line":3,"column":16},"end":{"line":3,"column":29}},"loc":{"start":{"line":9,"column":1},"end":{"line":17,"column":1}}}},"branchMap":{"0":{"loc":{"start":{"line":11,"column":2},"end":{"line":15,"column":null}},"type":"if","locations":[{"start":{"line":11,"column":2},"end":{"line":15,"column":null}},{"start":{"line":13,"column":9},"end":{"line":15,"column":null}}]},"1":{"loc":{"start":{"line":11,"column":6},"end":{"line":11,"column":49}},"type":"binary-expr","locations":[{"start":{"line":11,"column":6},"end":{"line":11,"column":26}},{"start":{"line":11,"column":30},"end":{"line":11,"column":49}}]},"2":{"loc":{"start":{"line":13,"column":9},"end":{"line":15,"column":null}},"type":"if","locations":[{"start":{"line":13,"column":9},"end":{"line":15,"column":null}}]},"3":{"loc":{"start":{"line":13,"column":13},"end":{"line":13,"column":56}},"type":"binary-expr","locations":[{"start":{"line":13,"column":13},"end":{"line":13,"column":33}},{"start":{"line":13,"column":37},"end":{"line":13,"column":56}}]}},"s":{"0":3,"1":6,"2":6,"3":2,"4":4,"5":1,"6":6,"7":3},"f":{"0":6},"b":{"0":[2,4],"1":[6,3],"2":[1],"3":[4,3]}}
}
