TN:
SF:src/App.tsx
FN:37,App
FN:40,(anonymous_1)
FN:45,(anonymous_2)
FN:46,(anonymous_3)
FN:48,(anonymous_4)
FN:49,(anonymous_5)
FNF:6
FNH:0
FNDA:0,App
FNDA:0,(anonymous_1)
FNDA:0,(anonymous_2)
FNDA:0,(anonymous_3)
FNDA:0,(anonymous_4)
FNDA:0,(anonymous_5)
DA:1,0
DA:2,0
DA:3,0
DA:4,0
DA:9,0
DA:14,0
DA:15,0
DA:16,0
DA:17,0
DA:18,0
DA:20,0
DA:22,0
DA:26,0
DA:31,0
DA:38,0
DA:40,0
DA:41,0
DA:42,0
DA:44,0
DA:45,0
DA:46,0
DA:47,0
DA:48,0
DA:49,0
DA:52,0
DA:69,0
LF:26
LH:0
BRF:0
BRH:0
end_of_record
TN:
SF:src/main.tsx
FNF:0
FNH:0
DA:2,0
DA:3,0
DA:4,0
DA:6,0
DA:7,0
DA:8,0
DA:10,0
LF:7
LH:0
BRF:0
BRH:0
end_of_record
TN:
SF:src/vite-env.d.ts
FNF:0
FNH:0
LF:0
LH:0
BRF:0
BRH:0
end_of_record
TN:
SF:src/api/index.ts
FN:7,getAbsences
FN:8,(anonymous_1)
FN:9,(anonymous_2)
FN:15,getMembers
FN:16,(anonymous_4)
FN:17,(anonymous_5)
FNF:6
FNH:6
FNDA:2,getAbsences
FNDA:2,(anonymous_1)
FNDA:2,(anonymous_2)
FNDA:2,getMembers
FNDA:2,(anonymous_4)
FNDA:2,(anonymous_5)
DA:2,1
DA:3,1
DA:5,1
DA:7,1
DA:8,2
DA:9,2
DA:10,2
DA:15,1
DA:16,2
DA:17,2
DA:18,2
LF:11
LH:11
BRF:0
BRH:0
end_of_record
TN:
SF:src/components/AbsenceList.tsx
FN:43,(anonymous_0)
FN:49,(anonymous_1)
FN:55,(anonymous_2)
FN:59,(anonymous_3)
FN:62,(anonymous_4)
FN:64,(anonymous_5)
FN:65,(anonymous_6)
FN:68,(anonymous_7)
FN:69,(anonymous_8)
FN:72,(anonymous_9)
FN:76,(anonymous_10)
FN:122,(anonymous_11)
FNF:12
FNH:5
FNDA:1,(anonymous_0)
FNDA:1,(anonymous_1)
FNDA:1,(anonymous_2)
FNDA:1,(anonymous_3)
FNDA:1,(anonymous_4)
FNDA:0,(anonymous_5)
FNDA:0,(anonymous_6)
FNDA:0,(anonymous_7)
FNDA:0,(anonymous_8)
FNDA:0,(anonymous_9)
FNDA:0,(anonymous_10)
FNDA:0,(anonymous_11)
DA:2,1
DA:3,1
DA:4,1
DA:5,1
DA:10,1
DA:11,1
DA:12,1
DA:13,1
DA:14,1
DA:15,1
DA:17,1
DA:33,1
DA:43,1
DA:44,1
DA:45,1
DA:46,1
DA:47,1
DA:49,1
DA:50,1
DA:55,1
DA:56,1
DA:58,1
DA:59,1
DA:61,1
DA:62,1
DA:64,1
DA:65,0
DA:68,1
DA:69,0
DA:72,1
DA:73,0
DA:76,1
DA:77,0
DA:78,0
DA:80,0
DA:81,0
DA:86,0
DA:87,0
DA:89,0
DA:96,1
DA:123,0
DA:140,1
LF:42
LH:31
BRDA:77,0,0,0
BRDA:77,1,0,0
BRDA:77,1,1,0
BRDA:80,2,0,0
BRDA:86,3,0,0
BRDA:90,4,0,0
BRDA:90,4,1,0
BRDA:118,5,0,1
BRDA:118,5,1,0
BRDA:118,5,2,0
BRDA:119,6,0,1
BRDA:119,6,1,1
BRDA:119,6,2,1
BRDA:121,7,0,1
BRDA:121,7,1,1
BRF:15
BRH:6
end_of_record
TN:
SF:src/components/AbsenceListItem.tsx
FN:64,(anonymous_0)
FNF:1
FNH:1
FNDA:3,(anonymous_0)
DA:2,2
DA:4,2
DA:15,2
DA:64,2
DA:65,3
DA:67,3
DA:79,2
LF:7
LH:7
BRDA:73,0,0,3
BRDA:73,0,1,3
BRDA:74,1,0,3
BRDA:74,1,1,0
BRF:4
BRH:3
end_of_record
TN:
SF:src/components/AbsencesPanel.tsx
FN:22,(anonymous_0)
FNF:1
FNH:0
FNDA:0,(anonymous_0)
DA:2,0
DA:4,0
DA:6,0
DA:15,0
DA:22,0
DA:23,0
DA:31,0
LF:7
LH:0
BRF:0
BRH:0
end_of_record
TN:
SF:src/components/Container.tsx
FN:14,(anonymous_0)
FNF:1
FNH:1
FNDA:5,(anonymous_0)
DA:2,3
DA:4,3
DA:14,3
DA:15,5
DA:18,3
LF:5
LH:5
BRF:0
BRH:0
end_of_record
TN:
SF:src/components/ErrorBoundary.tsx
FN:13,(anonymous_0)
FN:19,(anonymous_1)
FN:23,(anonymous_2)
FN:27,(anonymous_3)
FNF:4
FNH:0
FNDA:0,(anonymous_0)
FNDA:0,(anonymous_1)
FNDA:0,(anonymous_2)
FNDA:0,(anonymous_3)
DA:2,0
DA:14,0
DA:15,0
DA:20,0
DA:24,0
DA:28,0
DA:29,0
DA:32,0
DA:36,0
LF:9
LH:0
BRDA:28,0,0,0
BRF:1
BRH:0
end_of_record
TN:
SF:src/components/FilterByDate.tsx
FN:36,(anonymous_0)
FN:40,(anonymous_1)
FN:49,(anonymous_2)
FNF:3
FNH:1
FNDA:3,(anonymous_0)
FNDA:0,(anonymous_1)
FNDA:0,(anonymous_2)
DA:3,2
DA:4,2
DA:5,2
DA:12,2
DA:36,2
DA:40,3
DA:41,0
DA:43,3
DA:49,0
DA:58,2
LF:10
LH:8
BRF:0
BRH:0
end_of_record
TN:
SF:src/components/FilterByStatus.tsx
FN:29,(anonymous_0)
FN:33,(anonymous_1)
FN:42,(anonymous_2)
FN:45,(anonymous_3)
FNF:4
FNH:4
FNDA:2,(anonymous_0)
FNDA:1,(anonymous_1)
FNDA:1,(anonymous_2)
FNDA:8,(anonymous_3)
DA:2,2
DA:4,2
DA:11,2
DA:29,2
DA:33,2
DA:34,1
DA:36,2
DA:43,1
DA:46,8
DA:55,2
LF:10
LH:10
BRF:0
BRH:0
end_of_record
TN:
SF:src/components/Footer.tsx
FN:16,(anonymous_0)
FNF:1
FNH:1
FNDA:2,(anonymous_0)
DA:2,1
DA:3,1
DA:5,1
DA:16,1
DA:17,2
DA:26,1
LF:6
LH:6
BRF:0
BRH:0
end_of_record
TN:
SF:src/components/Header.tsx
FN:32,(anonymous_0)
FNF:1
FNH:1
FNDA:2,(anonymous_0)
DA:2,1
DA:4,1
DA:5,1
DA:7,1
DA:16,1
DA:28,1
DA:32,1
DA:33,2
DA:45,1
LF:9
LH:9
BRF:0
BRH:0
end_of_record
TN:
SF:src/components/Loader.tsx
FN:20,(anonymous_0)
FNF:1
FNH:1
FNDA:2,(anonymous_0)
DA:2,2
DA:3,2
DA:5,2
DA:20,2
DA:21,2
DA:28,2
LF:6
LH:6
BRF:0
BRH:0
end_of_record
TN:
SF:src/components/NoRecordFound.tsx
FN:31,(anonymous_0)
FNF:1
FNH:1
FNDA:3,(anonymous_0)
DA:2,2
DA:3,2
DA:5,2
DA:31,2
DA:32,3
DA:42,2
LF:6
LH:6
BRF:0
BRH:0
end_of_record
TN:
SF:src/components/Pagination.tsx
FN:89,(anonymous_0)
FN:98,(anonymous_1)
FN:129,(anonymous_2)
FNF:3
FNH:3
FNDA:8,(anonymous_0)
FNDA:1,(anonymous_1)
FNDA:24,(anonymous_2)
DA:1,2
DA:3,2
DA:16,2
DA:35,2
DA:70,2
DA:89,2
DA:98,8
DA:101,1
DA:104,8
DA:130,24
DA:140,2
LF:11
LH:11
BRF:0
BRH:0
end_of_record
TN:
SF:src/components/StatCard.tsx
FN:36,(anonymous_0)
FNF:1
FNH:1
FNDA:5,(anonymous_0)
DA:2,2
DA:9,2
DA:36,2
DA:37,5
DA:45,2
LF:5
LH:5
BRF:0
BRH:0
end_of_record
TN:
SF:src/components/StatsPanel.tsx
FN:23,(anonymous_0)
FN:24,(anonymous_1)
FN:28,(anonymous_2)
FN:31,(anonymous_3)
FN:34,(anonymous_4)
FNF:5
FNH:4
FNDA:1,(anonymous_0)
FNDA:0,(anonymous_1)
FNDA:3,(anonymous_2)
FNDA:3,(anonymous_3)
FNDA:3,(anonymous_4)
DA:2,1
DA:3,1
DA:5,1
DA:6,1
DA:8,1
DA:18,1
DA:23,1
DA:24,1
DA:25,0
DA:27,1
DA:28,3
DA:30,1
DA:31,3
DA:33,1
DA:34,3
DA:37,1
DA:48,1
LF:17
LH:16
BRF:0
BRH:0
end_of_record
TN:
SF:src/constants/types.ts
FN:32,(anonymous_0)
FNF:1
FNH:1
FNDA:6,(anonymous_0)
DA:25,6
DA:32,6
DA:33,6
DA:34,6
DA:35,6
LF:5
LH:5
BRDA:32,0,0,6
BRDA:32,0,1,6
BRF:2
BRH:2
end_of_record
TN:
SF:src/store/absenceSlice.ts
FN:22,(anonymous_0)
FN:26,(anonymous_1)
FN:29,(anonymous_2)
FN:39,(anonymous_3)
FN:43,(anonymous_4)
FN:46,(anonymous_5)
FN:49,(anonymous_6)
FNF:7
FNH:2
FNDA:0,(anonymous_0)
FNDA:1,(anonymous_1)
FNDA:2,(anonymous_2)
FNDA:0,(anonymous_3)
FNDA:0,(anonymous_4)
FNDA:0,(anonymous_5)
FNDA:0,(anonymous_6)
DA:2,2
DA:4,2
DA:12,2
DA:18,2
DA:23,0
DA:24,0
DA:27,1
DA:28,1
DA:29,1
DA:30,2
DA:40,0
DA:41,0
DA:44,0
DA:47,0
DA:50,0
DA:55,2
DA:64,2
LF:17
LH:10
BRF:0
BRH:0
end_of_record
TN:
SF:src/store/index.ts
FNF:0
FNH:0
DA:1,1
DA:2,1
DA:3,1
DA:4,1
DA:6,1
DA:17,1
LF:6
LH:6
BRF:0
BRH:0
end_of_record
TN:
SF:src/store/membersSlice.ts
FN:21,(anonymous_0)
FN:25,(anonymous_1)
FN:28,(anonymous_2)
FN:32,(anonymous_3)
FN:36,(anonymous_4)
FN:39,(anonymous_5)
FN:42,(anonymous_6)
FNF:7
FNH:7
FNDA:1,(anonymous_0)
FNDA:1,(anonymous_1)
FNDA:2,(anonymous_2)
FNDA:1,(anonymous_3)
FNDA:1,(anonymous_4)
FNDA:1,(anonymous_5)
FNDA:1,(anonymous_6)
DA:2,2
DA:11,2
DA:17,2
DA:22,1
DA:23,1
DA:26,1
DA:27,1
DA:28,1
DA:29,2
DA:33,1
DA:34,1
DA:37,1
DA:40,1
DA:43,1
DA:48,2
DA:57,2
LF:16
LH:16
BRF:0
BRH:0
end_of_record
TN:
SF:src/utils/capitalizeFirst.ts
FN:1,capitalize
FN:2,(anonymous_1)
FNF:2
FNH:2
FNDA:6,capitalize
FNDA:5,(anonymous_1)
DA:1,3
DA:2,6
LF:2
LH:2
BRF:0
BRH:0
end_of_record
TN:
SF:src/utils/statusChecker.ts
FN:3,statusChecker
FNF:1
FNH:1
FNDA:6,statusChecker
DA:1,3
DA:3,3
DA:10,6
DA:11,6
DA:12,2
DA:13,4
DA:14,1
DA:16,6
LF:8
LH:8
BRDA:11,0,0,2
BRDA:11,0,1,4
BRDA:11,1,0,6
BRDA:11,1,1,3
BRDA:13,2,0,1
BRDA:13,3,0,4
BRDA:13,3,1,3
BRF:7
BRH:7
end_of_record
